{
  "stats": {
    "suites": 0,
    "tests": 2,
    "passes": 2,
    "pending": 0,
    "failures": 0,
    "start": "2023-07-16T10:28:04.206Z",
    "end": "2023-07-16T10:28:12.642Z",
    "duration": 8436,
    "testsRegistered": 2,
    "passPercent": 100,
    "pendingPercent": 0,
    "other": 0,
    "hasOther": false,
    "skipped": 0,
    "hasSkipped": false
  },
  "results": [
    {
      "uuid": "cf492012-9da0-4f4c-b5d1-8b4de6715ef9",
      "title": "",
      "fullFile": "cypress\\e2e\\fileupload.cy.js",
      "file": "cypress\\e2e\\fileupload.cy.js",
      "beforeHooks": [],
      "afterHooks": [],
      "tests": [
        {
          "title": "File upload",
          "fullTitle": "File upload",
          "timedOut": null,
          "duration": 1412,
          "state": "passed",
          "speed": "fast",
          "pass": true,
          "fail": false,
          "pending": false,
          "context": null,
          "code": "cy.visit(\"https://trytestingthis.netlify.app\");\ncy.get('#myfile').attachFile(\"example.json\");",
          "err": {},
          "uuid": "8c662f94-fe54-4908-8130-463c57c03307",
          "parentUUID": "cf492012-9da0-4f4c-b5d1-8b4de6715ef9",
          "isHook": false,
          "skipped": false
        },
        {
          "title": "file download test",
          "fullTitle": "file download test",
          "timedOut": null,
          "duration": 1172,
          "state": "passed",
          "speed": "fast",
          "pass": true,
          "fail": false,
          "pending": false,
          "context": null,
          "code": "cy.downloadFile('https://upload.wikimedia.org/wikipedia/en/a/a9/Example.jpg', 'mydownloads', 'demo.jpg');",
          "err": {},
          "uuid": "9a0804d0-a5a8-45f0-b7d7-8a9334644e0e",
          "parentUUID": "cf492012-9da0-4f4c-b5d1-8b4de6715ef9",
          "isHook": false,
          "skipped": false
        }
      ],
      "suites": [],
      "passes": [
        "8c662f94-fe54-4908-8130-463c57c03307",
        "9a0804d0-a5a8-45f0-b7d7-8a9334644e0e"
      ],
      "failures": [],
      "pending": [],
      "skipped": [],
      "duration": 2584,
      "root": true,
      "rootEmpty": false,
      "_timeout": 2000
    }
  ],
  "meta": {
    "mocha": {
      "version": "7.0.1"
    },
    "mochawesome": {
      "options": {
        "quiet": false,
        "reportFilename": "mochawesome",
        "saveHtml": false,
        "saveJson": true,
        "consoleReporter": "spec",
        "useInlineDiffs": false,
        "code": true
      },
      "version": "7.1.3"
    },
    "marge": {
      "options": {
        "charts": true,
        "overwrite": false,
        "html": false,
        "json": true,
        "reportDir": "cypress/reports"
      },
      "version": "6.2.0"
    }
  }
}