{
  "stats": {
    "suites": 0,
    "tests": 1,
    "passes": 1,
    "pending": 0,
    "failures": 0,
    "start": "2023-07-16T10:29:27.808Z",
    "end": "2023-07-16T10:29:59.371Z",
    "duration": 31563,
    "testsRegistered": 1,
    "passPercent": 100,
    "pendingPercent": 0,
    "other": 0,
    "hasOther": false,
    "skipped": 0,
    "hasSkipped": false
  },
  "results": [
    {
      "uuid": "c92bb041-5040-4d80-8438-33f96041c734",
      "title": "",
      "fullFile": "cypress\\e2e\\test1.cy.js",
      "file": "cypress\\e2e\\test1.cy.js",
      "beforeHooks": [],
      "afterHooks": [],
      "tests": [
        {
          "title": "Google Search",
          "fullTitle": "Google Search",
          "timedOut": null,
          "duration": 25616,
          "state": "passed",
          "speed": "slow",
          "pass": true,
          "fail": false,
          "pending": false,
          "context": null,
          "code": "cy.visit(\"https://google.com\");\ncy.get('#APjFqb', {\n  timeout: 10000\n}).type(\"Automation step by step{Enter}\");",
          "err": {},
          "uuid": "6492574a-8e7d-4ea4-98b2-98e32fed7f17",
          "parentUUID": "c92bb041-5040-4d80-8438-33f96041c734",
          "isHook": false,
          "skipped": false
        }
      ],
      "suites": [],
      "passes": [
        "6492574a-8e7d-4ea4-98b2-98e32fed7f17"
      ],
      "failures": [],
      "pending": [],
      "skipped": [],
      "duration": 25616,
      "root": true,
      "rootEmpty": false,
      "_timeout": 2000
    }
  ],
  "meta": {
    "mocha": {
      "version": "7.0.1"
    },
    "mochawesome": {
      "options": {
        "quiet": false,
        "reportFilename": "mochawesome",
        "saveHtml": false,
        "saveJson": true,
        "consoleReporter": "spec",
        "useInlineDiffs": false,
        "code": true
      },
      "version": "7.1.3"
    },
    "marge": {
      "options": {
        "charts": true,
        "overwrite": false,
        "html": false,
        "json": true,
        "reportDir": "cypress/reports"
      },
      "version": "6.2.0"
    }
  }
}