{
  "stats": {
    "suites": 0,
    "tests": 3,
    "passes": 3,
    "pending": 0,
    "failures": 0,
    "start": "2023-07-16T10:29:09.415Z",
    "end": "2023-07-16T10:29:10.120Z",
    "duration": 705,
    "testsRegistered": 3,
    "passPercent": 100,
    "pendingPercent": 0,
    "other": 0,
    "hasOther": false,
    "skipped": 0,
    "hasSkipped": false
  },
  "results": [
    {
      "uuid": "539f09e0-6392-4376-a500-081bf6557891",
      "title": "",
      "fullFile": "cypress\\e2e\\readwrite.cy.js",
      "file": "cypress\\e2e\\readwrite.cy.js",
      "beforeHooks": [],
      "afterHooks": [],
      "tests": [
        {
          "title": "readfiles using Fixture",
          "fullTitle": "readfiles using Fixture",
          "timedOut": null,
          "duration": 241,
          "state": "passed",
          "speed": "fast",
          "pass": true,
          "fail": false,
          "pending": false,
          "context": null,
          "code": "cy.fixture(\"example.json\").then(data => {\n  cy.log(data.name);\n  cy.log(data.email);\n  cy.log(data.body);\n});",
          "err": {},
          "uuid": "c9ada5f2-6302-4a8c-8a99-f750cd7b66e2",
          "parentUUID": "539f09e0-6392-4376-a500-081bf6557891",
          "isHook": false,
          "skipped": false
        },
        {
          "title": "read file using readfile",
          "fullTitle": "read file using readfile",
          "timedOut": null,
          "duration": 169,
          "state": "passed",
          "speed": "fast",
          "pass": true,
          "fail": false,
          "pending": false,
          "context": null,
          "code": "cy.readFile(\"./cypress/fixtures/example.json\").then(data => {\n  cy.log(data.name);\n  cy.log(data.email);\n});",
          "err": {},
          "uuid": "1cf29d7f-a9d2-4a77-856f-8392db9222a9",
          "parentUUID": "539f09e0-6392-4376-a500-081bf6557891",
          "isHook": false,
          "skipped": false
        },
        {
          "title": "write files ",
          "fullTitle": "write files ",
          "timedOut": null,
          "duration": 196,
          "state": "passed",
          "speed": "fast",
          "pass": true,
          "fail": false,
          "pending": false,
          "context": null,
          "code": "cy.writeFile(\"felix.txt\", \"Hello this is Felix \\n\");\ncy.writeFile(\"felix.txt\", \"I am learning cypress\", {\n  flag: 'a+'\n});",
          "err": {},
          "uuid": "6cf2e045-2735-43bb-bc4e-9617260feab7",
          "parentUUID": "539f09e0-6392-4376-a500-081bf6557891",
          "isHook": false,
          "skipped": false
        }
      ],
      "suites": [],
      "passes": [
        "c9ada5f2-6302-4a8c-8a99-f750cd7b66e2",
        "1cf29d7f-a9d2-4a77-856f-8392db9222a9",
        "6cf2e045-2735-43bb-bc4e-9617260feab7"
      ],
      "failures": [],
      "pending": [],
      "skipped": [],
      "duration": 606,
      "root": true,
      "rootEmpty": false,
      "_timeout": 2000
    }
  ],
  "meta": {
    "mocha": {
      "version": "7.0.1"
    },
    "mochawesome": {
      "options": {
        "quiet": false,
        "reportFilename": "mochawesome",
        "saveHtml": false,
        "saveJson": true,
        "consoleReporter": "spec",
        "useInlineDiffs": false,
        "code": true
      },
      "version": "7.1.3"
    },
    "marge": {
      "options": {
        "charts": true,
        "overwrite": false,
        "html": false,
        "json": true,
        "reportDir": "cypress/reports"
      },
      "version": "6.2.0"
    }
  }
}