{
  "stats": {
    "suites": 0,
    "tests": 1,
    "passes": 1,
    "pending": 0,
    "failures": 0,
    "start": "2023-07-16T10:26:14.170Z",
    "end": "2023-07-16T10:26:36.135Z",
    "duration": 21965,
    "testsRegistered": 1,
    "passPercent": 100,
    "pendingPercent": 0,
    "other": 0,
    "hasOther": false,
    "skipped": 0,
    "hasSkipped": false
  },
  "results": [
    {
      "uuid": "ed1cf2ad-715f-4130-aba3-268c7017ea2f",
      "title": "",
      "fullFile": "cypress\\e2e\\assertions.cy.js",
      "file": "cypress\\e2e\\assertions.cy.js",
      "beforeHooks": [],
      "afterHooks": [],
      "tests": [
        {
          "title": "assertions",
          "fullTitle": "assertions",
          "timedOut": null,
          "duration": 9050,
          "state": "passed",
          "speed": "medium",
          "pass": true,
          "fail": false,
          "pending": false,
          "context": null,
          "code": "cy.visit(\"https://example.cypress.io\");\ncy.contains('get').click();\n//implicit assertions\ncy.get('#query-btn').should(\"contain\", \"Button\").should(\"have.class\", \"query-btn\").should(\"be.visible\").should(\"be.enabled\");\n//explicit assertions\nexpect(true).to.be.true;",
          "err": {},
          "uuid": "ec8a88f1-009b-4658-822f-355a51a2961f",
          "parentUUID": "ed1cf2ad-715f-4130-aba3-268c7017ea2f",
          "isHook": false,
          "skipped": false
        }
      ],
      "suites": [],
      "passes": [
        "ec8a88f1-009b-4658-822f-355a51a2961f"
      ],
      "failures": [],
      "pending": [],
      "skipped": [],
      "duration": 9050,
      "root": true,
      "rootEmpty": false,
      "_timeout": 2000
    }
  ],
  "meta": {
    "mocha": {
      "version": "7.0.1"
    },
    "mochawesome": {
      "options": {
        "quiet": false,
        "reportFilename": "mochawesome",
        "saveHtml": false,
        "saveJson": true,
        "consoleReporter": "spec",
        "useInlineDiffs": false,
        "code": true
      },
      "version": "7.1.3"
    },
    "marge": {
      "options": {
        "charts": true,
        "overwrite": false,
        "html": false,
        "json": true,
        "reportDir": "cypress/reports"
      },
      "version": "6.2.0"
    }
  }
}